2024-03-22 11:30:20,437 [INFO] Activator:176 - 


2024-03-22 11:30:20,448 [INFO] Activator:177 - !SESSION log4j initialized
2024-03-22 11:31:01,950 [INFO] LogOutputStream:77 - [STDOUT_REDIRECT] 
2024-03-22 11:31:26,515 [INFO] ApplicationProperties:184 - Using Application install path: C:\ST\STM32CubeIDE_1.14.1\STM32CubeIDE\plugins\com.st.stm32cube.common.mx_6.10.0.202311202037
2024-03-22 11:31:26,740 [INFO] DbMcusXml:78 - Set database path to: C:\ST\STM32CubeIDE_1.14.1\STM32CubeIDE\plugins\com.st.stm32cube.common.mx_6.10.0.202311202037\\db\/mcu/
2024-03-22 11:31:26,744 [INFO] ApiDb:274 - Set plugin database path to: C:\ST\STM32CubeIDE_1.14.1\STM32CubeIDE\plugins\com.st.stm32cube.common.mx_6.10.0.202311202037\\db\/plugins/boardmanager/
2024-03-22 11:31:26,747 [WARN] ApiDb:259 - Overriding images path with different value:  => C:\ST\STM32CubeIDE_1.14.1\STM32CubeIDE\plugins\com.st.stm32cube.common.mx_6.10.0.202311202037\\db\/plugins/mcufinder/images/
2024-03-22 11:31:26,914 [INFO] ApiDb:250 - Set database path to: C:\Users\pc\.stmcufinder\plugins\mcufinder//mcu/
2024-03-22 11:31:26,924 [INFO] DbMcusAds:125 - Set database path to: C:\Users\pc\.stmcufinder\plugins\mcufinder//mcu/
2024-03-22 11:31:26,988 [INFO] CrossReferenceDbSqlite:203 - Set database path to: C:\Users\pc\.stmcufinder\plugins\mcufinder//mcu/cs/
2024-03-22 11:31:28,144 [INFO] RulesReader:64 - Compatibility file has been processed (297 Rules)
2024-03-22 11:31:28,938 [INFO] DbMcusXml:78 - Set database path to: C:\ST\STM32CubeIDE_1.14.1\STM32CubeIDE\plugins\com.st.stm32cube.common.mx_6.10.0.202311202037\\db\/mcu/
2024-03-22 11:31:28,939 [INFO] ApiDb:274 - Set plugin database path to: C:\ST\STM32CubeIDE_1.14.1\STM32CubeIDE\plugins\com.st.stm32cube.common.mx_6.10.0.202311202037\\db\/plugins/boardmanager/
2024-03-22 11:31:28,940 [INFO] ApiDb:261 - Set plugin images path to: C:\ST\STM32CubeIDE_1.14.1\STM32CubeIDE\plugins\com.st.stm32cube.common.mx_6.10.0.202311202037\\db\/plugins/mcufinder/images/
2024-03-22 11:31:28,941 [WARN] DbFile:41 - Overriding database path with different value: C:\Users\pc\.stmcufinder\plugins\mcufinder/ => C:\Users\pc\.stmcufinder\plugins\mcufinder
2024-03-22 11:31:28,943 [INFO] ApiDb:250 - Set database path to: C:\Users\pc\.stmcufinder\plugins\mcufinder//mcu/
2024-03-22 11:31:28,943 [WARN] DbFile:41 - Overriding database path with different value: C:\Users\pc\.stmcufinder\plugins\mcufinder/ => C:\Users\pc\.stmcufinder\plugins\mcufinder
2024-03-22 11:31:28,945 [INFO] DbMcusAds:125 - Set database path to: C:\Users\pc\.stmcufinder\plugins\mcufinder//mcu/
2024-03-22 11:31:28,946 [WARN] DbFile:41 - Overriding database path with different value: C:\Users\pc\.stmcufinder\plugins\mcufinder/ => C:\Users\pc\.stmcufinder\plugins\mcufinder
2024-03-22 11:31:28,946 [WARN] DbFile:41 - Overriding database path with different value: C:\Users\pc\.stmcufinder\plugins\mcufinder/ => C:\Users\pc\.stmcufinder\plugins\mcufinder
2024-03-22 11:31:28,956 [INFO] CrossReferenceDbSqlite:203 - Set database path to: C:\Users\pc\.stmcufinder\plugins\mcufinder//mcu/cs/
2024-03-22 11:31:29,791 [INFO] MainPanel:264 - HeapMemory: 268435456
2024-03-22 11:31:30,482 [INFO] DbMcusXml:78 - Set database path to: C:\ST\STM32CubeIDE_1.14.1\STM32CubeIDE\plugins\com.st.stm32cube.common.mx_6.10.0.202311202037\\db\/mcu/
2024-03-22 11:31:30,483 [INFO] ApiDb:274 - Set plugin database path to: C:\ST\STM32CubeIDE_1.14.1\STM32CubeIDE\plugins\com.st.stm32cube.common.mx_6.10.0.202311202037\\db\/plugins/boardmanager/
2024-03-22 11:31:30,484 [INFO] ApiDb:261 - Set plugin images path to: C:\ST\STM32CubeIDE_1.14.1\STM32CubeIDE\plugins\com.st.stm32cube.common.mx_6.10.0.202311202037\\db\/plugins/mcufinder/images/
2024-03-22 11:31:30,489 [WARN] DbFile:41 - Overriding database path with different value: C:\Users\pc\.stmcufinder\plugins\mcufinder/ => C:\Users\pc\.stmcufinder\plugins\mcufinder
2024-03-22 11:31:30,490 [INFO] ApiDb:250 - Set database path to: C:\Users\pc\.stmcufinder\plugins\mcufinder//mcu/
2024-03-22 11:31:30,491 [WARN] DbFile:41 - Overriding database path with different value: C:\Users\pc\.stmcufinder\plugins\mcufinder/ => C:\Users\pc\.stmcufinder\plugins\mcufinder
2024-03-22 11:31:30,492 [INFO] DbMcusAds:125 - Set database path to: C:\Users\pc\.stmcufinder\plugins\mcufinder//mcu/
2024-03-22 11:31:30,492 [WARN] DbFile:41 - Overriding database path with different value: C:\Users\pc\.stmcufinder\plugins\mcufinder/ => C:\Users\pc\.stmcufinder\plugins\mcufinder
2024-03-22 11:31:30,493 [WARN] DbFile:41 - Overriding database path with different value: C:\Users\pc\.stmcufinder\plugins\mcufinder/ => C:\Users\pc\.stmcufinder\plugins\mcufinder
2024-03-22 11:31:30,494 [INFO] CrossReferenceDbSqlite:203 - Set database path to: C:\Users\pc\.stmcufinder\plugins\mcufinder//mcu/cs/
2024-03-22 11:31:30,650 [INFO] ApplicationProperties:184 - Using Application install path: C:\ST\STM32CubeIDE_1.14.1\STM32CubeIDE\plugins\com.st.stm32cube.common.mx_6.10.0.202311202037
2024-03-22 11:31:30,660 [INFO] PluginManage:196 - Search for loadable plugins [exclusion list=, ]
2024-03-22 11:31:30,669 [INFO] PluginManage:310 - Check plugin analytics
2024-03-22 11:31:33,126 [INFO] AnalyticsPlugin:253 - Accepted Software Licenses: 
2024-03-22 11:31:33,133 [INFO] AnalyticsPlugin:255 - Accepted CMSIS Pack Licenses: 
2024-03-22 11:31:33,134 [INFO] AnalyticsPlugin:257 - Accepted Firmware Licenses: FW.L4.1.18.0
2024-03-22 11:31:33,154 [INFO] PluginManage:359 - Loaded plugin analytics (category:tool,tabindex:-1)
2024-03-22 11:31:33,155 [INFO] PluginManage:310 - Check plugin cadmodel
2024-03-22 11:31:33,319 [INFO] CADModel:105 - Init CAD model plugin
2024-03-22 11:31:33,320 [INFO] PluginManage:359 - Loaded plugin cadmodel (category:power,tabindex:5)
2024-03-22 11:31:33,321 [INFO] PluginManage:310 - Check plugin clock
2024-03-22 11:31:33,434 [INFO] PluginManage:359 - Loaded plugin clock (category:base,tabindex:2)
2024-03-22 11:31:33,435 [INFO] PluginManage:310 - Check plugin ddr
2024-03-22 11:31:33,448 [INFO] PluginManage:359 - Loaded plugin ddr (category:tool,tabindex:6)
2024-03-22 11:31:33,449 [INFO] PluginManage:310 - Check plugin filemanager
2024-03-22 11:31:34,170 [INFO] PluginManage:359 - Loaded plugin filemanager (category:base,tabindex:10)
2024-03-22 11:31:34,171 [INFO] PluginManage:310 - Check plugin ipmanager
2024-03-22 11:31:34,217 [INFO] PluginManage:359 - Loaded plugin ipmanager (category:base,tabindex:5)
2024-03-22 11:31:34,218 [INFO] PluginManage:310 - Check plugin lpbam
2024-03-22 11:31:34,321 [INFO] PluginManage:359 - Loaded plugin lpbam (category:base,tabindex:0)
2024-03-22 11:31:34,322 [INFO] PluginManage:310 - Check plugin memorymap
2024-03-22 11:31:34,470 [INFO] PluginManage:359 - Loaded plugin memorymap (category:base,tabindex:4)
2024-03-22 11:31:34,471 [INFO] PluginManage:310 - Check plugin pinoutandconfiguration
2024-03-22 11:31:34,556 [INFO] PluginManage:359 - Loaded plugin pinoutandconfiguration (category:base,tabindex:1)
2024-03-22 11:31:34,557 [INFO] PluginManage:310 - Check plugin pinoutconfig
2024-03-22 11:31:35,439 [WARN] SupportedApi:132 - Cannot load RTOS API schema: s4s-elt-must-match.1: The content of 'definitions' must match (annotation?, (simpleType | complexType)?, (unique | key | keyref)*)). A problem was found starting at: attribute.
2024-03-22 11:31:36,778 [INFO] PluginManage:359 - Loaded plugin pinoutconfig (category:base,tabindex:0)
2024-03-22 11:31:36,779 [INFO] PluginManage:310 - Check plugin power
2024-03-22 11:31:37,130 [INFO] PluginManage:359 - Loaded plugin power (category:power,tabindex:4)
2024-03-22 11:31:37,131 [INFO] PluginManage:310 - Check plugin projectmanager
2024-03-22 11:31:37,424 [INFO] PluginManage:359 - Loaded plugin projectmanager (category:projectmanager,tabindex:3)
2024-03-22 11:31:37,425 [INFO] PluginManage:310 - Check plugin thirdparty
2024-03-22 11:31:40,300 [INFO] PluginManage:359 - Loaded plugin thirdparty (category:base,tabindex:-1)
2024-03-22 11:31:40,301 [INFO] PluginManage:310 - Check plugin tools
2024-03-22 11:31:40,307 [WARN] IntegrityCheckThread:84 - waiting for thirdparty lock release [integrity check]
2024-03-22 11:31:40,312 [INFO] IntegrityCheckThread:86 - entering critical section [integrity check]
2024-03-22 11:31:40,322 [INFO] ThirdPartyUpdaterWithRetryManager:70 - Updater plugin not ready yet. [1/15]
2024-03-22 11:31:40,524 [INFO] PluginManage:359 - Loaded plugin tools (category:base,tabindex:7)
2024-03-22 11:31:40,524 [INFO] PluginManage:310 - Check plugin tutovideos
2024-03-22 11:31:42,094 [INFO] PluginManage:359 - Loaded plugin tutovideos (category:base,tabindex:-1)
2024-03-22 11:31:42,102 [INFO] PluginManage:310 - Check plugin updater
2024-03-22 11:31:42,238 [INFO] PluginManage:359 - Loaded plugin updater (category:base,tabindex:12)
2024-03-22 11:31:42,239 [INFO] PluginManage:310 - Check plugin userauth
2024-03-22 11:31:42,292 [INFO] UserAuth:114 - Init User Auth plugin
2024-03-22 11:31:42,293 [INFO] PluginManage:359 - Loaded plugin userauth (category:base,tabindex:14)
2024-03-22 11:31:42,295 [INFO] PluginManage:283 - PluginManage : Loaded plugins [17]
2024-03-22 11:31:43,327 [INFO] ThirdPartyUpdaterWithRetryManager:70 - Updater plugin not ready yet. [2/15]
2024-03-22 11:31:43,667 [INFO] PinOutPanel:1499 - setPackage(No Configuration,No Configuration)
2024-03-22 11:31:44,049 [INFO] CADModel:165 - CPN selected for project level
2024-03-22 11:31:44,050 [INFO] CADModel:114 - Register for checkConnection events
2024-03-22 11:31:44,154 [INFO] IPUIPlugin:80 - create IPUIPlugin
2024-03-22 11:31:44,154 [INFO] PluginManager:220 - loadIPPluginJar : add adc
2024-03-22 11:31:44,297 [INFO] IPUIPlugin:80 - create IPUIPlugin
2024-03-22 11:31:44,298 [INFO] PluginManager:220 - loadIPPluginJar : add aes
2024-03-22 11:31:44,475 [INFO] IPUIPlugin:80 - create IPUIPlugin
2024-03-22 11:31:44,477 [INFO] PluginManager:220 - loadIPPluginJar : add can
2024-03-22 11:31:44,599 [INFO] IPUIPlugin:80 - create IPUIPlugin
2024-03-22 11:31:44,600 [INFO] PluginManager:220 - loadIPPluginJar : add comp
2024-03-22 11:31:44,835 [INFO] IPUIPlugin:80 - create IPUIPlugin
2024-03-22 11:31:44,835 [INFO] PluginManager:220 - loadIPPluginJar : add cryp
2024-03-22 11:31:44,968 [INFO] IPUIPlugin:80 - create IPUIPlugin
2024-03-22 11:31:44,969 [INFO] PluginManager:220 - loadIPPluginJar : add dfsdm
2024-03-22 11:31:45,050 [INFO] IPUIPlugin:80 - create IPUIPlugin
2024-03-22 11:31:45,054 [INFO] PluginManager:220 - loadIPPluginJar : add dma
2024-03-22 11:31:45,295 [INFO] IPUIPlugin:80 - create IPUIPlugin
2024-03-22 11:31:45,296 [INFO] PluginManager:220 - loadIPPluginJar : add dma3
2024-03-22 11:31:45,405 [INFO] IPUIPlugin:80 - create IPUIPlugin
2024-03-22 11:31:45,406 [INFO] PluginManager:220 - loadIPPluginJar : add fatfs
2024-03-22 11:31:45,680 [INFO] IPUIPlugin:80 - create IPUIPlugin
2024-03-22 11:31:45,680 [INFO] PluginManager:220 - loadIPPluginJar : add fmc
2024-03-22 11:31:45,765 [INFO] IPUIPlugin:80 - create IPUIPlugin
2024-03-22 11:31:45,766 [INFO] PluginManager:220 - loadIPPluginJar : add freertos
2024-03-22 11:31:45,871 [INFO] IPUIPlugin:80 - create IPUIPlugin
2024-03-22 11:31:45,871 [INFO] PluginManager:220 - loadIPPluginJar : add genericplugin
2024-03-22 11:31:46,331 [INFO] ThirdPartyUpdaterWithRetryManager:70 - Updater plugin not ready yet. [3/15]
2024-03-22 11:31:46,509 [INFO] IPUIPlugin:80 - create IPUIPlugin
2024-03-22 11:31:46,510 [INFO] PluginManager:220 - loadIPPluginJar : add gfxmmu
2024-03-22 11:31:47,191 [INFO] IPUIPlugin:80 - create IPUIPlugin
2024-03-22 11:31:47,192 [INFO] PluginManager:220 - loadIPPluginJar : add gic
2024-03-22 11:31:47,251 [INFO] IPUIPlugin:80 - create IPUIPlugin
2024-03-22 11:31:47,252 [INFO] PluginManager:220 - loadIPPluginJar : add gpio
2024-03-22 11:31:47,710 [INFO] IPUIPlugin:80 - create IPUIPlugin
2024-03-22 11:31:47,711 [INFO] PluginManager:220 - loadIPPluginJar : add gtzc
2024-03-22 11:31:47,887 [INFO] IPUIPlugin:80 - create IPUIPlugin
2024-03-22 11:31:47,887 [INFO] PluginManager:220 - loadIPPluginJar : add hash
2024-03-22 11:31:48,103 [INFO] IPUIPlugin:80 - create IPUIPlugin
2024-03-22 11:31:48,103 [INFO] PluginManager:220 - loadIPPluginJar : add i2c
2024-03-22 11:31:48,254 [INFO] IPUIPlugin:80 - create IPUIPlugin
2024-03-22 11:31:48,255 [INFO] PluginManager:220 - loadIPPluginJar : add i2s
2024-03-22 11:31:48,420 [INFO] IPUIPlugin:80 - create IPUIPlugin
2024-03-22 11:31:48,421 [INFO] PluginManager:220 - loadIPPluginJar : add i3c
2024-03-22 11:31:48,920 [INFO] IPUIPlugin:80 - create IPUIPlugin
2024-03-22 11:31:48,921 [INFO] PluginManager:220 - loadIPPluginJar : add ipddr
2024-03-22 11:31:49,299 [INFO] IPUIPlugin:80 - create IPUIPlugin
2024-03-22 11:31:49,300 [INFO] PluginManager:220 - loadIPPluginJar : add linkedlist
2024-03-22 11:31:49,333 [INFO] ThirdPartyUpdaterWithRetryManager:70 - Updater plugin not ready yet. [4/15]
2024-03-22 11:31:49,430 [INFO] IPUIPlugin:80 - create IPUIPlugin
2024-03-22 11:31:49,431 [INFO] PluginManager:220 - loadIPPluginJar : add lorawan
2024-03-22 11:31:49,575 [INFO] IPUIPlugin:80 - create IPUIPlugin
2024-03-22 11:31:49,576 [INFO] PluginManager:220 - loadIPPluginJar : add ltdc
2024-03-22 11:31:49,644 [INFO] IPUIPlugin:80 - create IPUIPlugin
2024-03-22 11:31:49,644 [INFO] PluginManager:220 - loadIPPluginJar : add mdma
2024-03-22 11:31:49,701 [INFO] IPUIPlugin:80 - create IPUIPlugin
2024-03-22 11:31:49,702 [INFO] PluginManager:220 - loadIPPluginJar : add nvic
2024-03-22 11:31:49,869 [INFO] IPUIPlugin:80 - create IPUIPlugin
2024-03-22 11:31:49,870 [INFO] PluginManager:220 - loadIPPluginJar : add opamp
2024-03-22 11:31:50,199 [INFO] IPUIPlugin:80 - create IPUIPlugin
2024-03-22 11:31:50,200 [INFO] PluginManager:220 - loadIPPluginJar : add openamp
2024-03-22 11:31:50,430 [INFO] IPUIPlugin:80 - create IPUIPlugin
2024-03-22 11:31:50,431 [INFO] PluginManager:220 - loadIPPluginJar : add pdm2pcm
2024-03-22 11:31:50,489 [INFO] IPUIPlugin:80 - create IPUIPlugin
2024-03-22 11:31:50,497 [INFO] PluginManager:220 - loadIPPluginJar : add plateformsettings
2024-03-22 11:31:50,579 [INFO] IPUIPlugin:80 - create IPUIPlugin
2024-03-22 11:31:50,580 [INFO] PluginManager:220 - loadIPPluginJar : add quadspi
2024-03-22 11:31:50,625 [INFO] IPUIPlugin:80 - create IPUIPlugin
2024-03-22 11:31:50,625 [INFO] PluginManager:220 - loadIPPluginJar : add resmgrutility
2024-03-22 11:31:50,825 [INFO] IPUIPlugin:80 - create IPUIPlugin
2024-03-22 11:31:50,826 [INFO] PluginManager:220 - loadIPPluginJar : add sai
2024-03-22 11:31:50,979 [INFO] IPUIPlugin:80 - create IPUIPlugin
2024-03-22 11:31:50,979 [INFO] PluginManager:220 - loadIPPluginJar : add spi
2024-03-22 11:31:51,293 [INFO] IPUIPlugin:80 - create IPUIPlugin
2024-03-22 11:31:51,293 [INFO] PluginManager:220 - loadIPPluginJar : add stm32_wpan
2024-03-22 11:31:51,401 [INFO] IPUIPlugin:80 - create IPUIPlugin
2024-03-22 11:31:51,401 [INFO] PluginManager:220 - loadIPPluginJar : add tim
2024-03-22 11:31:51,661 [INFO] IPUIPlugin:80 - create IPUIPlugin
2024-03-22 11:31:51,661 [INFO] PluginManager:220 - loadIPPluginJar : add touchsensing
2024-03-22 11:31:51,764 [INFO] IPUIPlugin:80 - create IPUIPlugin
2024-03-22 11:31:51,764 [INFO] PluginManager:220 - loadIPPluginJar : add tracer_emb
2024-03-22 11:31:51,863 [INFO] IPUIPlugin:80 - create IPUIPlugin
2024-03-22 11:31:51,863 [INFO] PluginManager:220 - loadIPPluginJar : add ts
2024-03-22 11:31:51,957 [INFO] IPUIPlugin:80 - create IPUIPlugin
2024-03-22 11:31:51,958 [INFO] PluginManager:220 - loadIPPluginJar : add tsc
2024-03-22 11:31:52,055 [INFO] IPUIPlugin:80 - create IPUIPlugin
2024-03-22 11:31:52,055 [INFO] PluginManager:220 - loadIPPluginJar : add ucpd
2024-03-22 11:31:52,263 [INFO] IPUIPlugin:80 - create IPUIPlugin
2024-03-22 11:31:52,264 [INFO] PluginManager:220 - loadIPPluginJar : add usart
2024-03-22 11:31:52,335 [INFO] ThirdPartyUpdaterWithRetryManager:70 - Updater plugin not ready yet. [5/15]
2024-03-22 11:31:52,480 [INFO] IPUIPlugin:80 - create IPUIPlugin
2024-03-22 11:31:52,480 [INFO] PluginManager:220 - loadIPPluginJar : add usbx
2024-03-22 11:31:52,888 [INFO] CADModel:165 - CPN selected for project level
2024-03-22 11:31:52,889 [INFO] CADModel:114 - Register for checkConnection events
2024-03-22 11:31:52,890 [FATAL] Updater:308 - Updater called before beeing initialized
2024-03-22 11:31:52,891 [ERROR] CADModel:125 - Updater not yet initialized, retry later 
2024-03-22 11:31:53,476 [INFO] CADModel:165 - CPN selected for project level
2024-03-22 11:31:53,477 [INFO] CADModel:114 - Register for checkConnection events
2024-03-22 11:31:53,477 [FATAL] Updater:308 - Updater called before beeing initialized
2024-03-22 11:31:53,477 [ERROR] CADModel:125 - Updater not yet initialized, retry later 
2024-03-22 11:31:53,488 [FATAL] Updater:308 - Updater called before beeing initialized
2024-03-22 11:31:54,048 [FATAL] Updater:308 - Updater called before beeing initialized
2024-03-22 11:31:54,094 [INFO] DbMcusAds:53 - JSON generation date=Wed Nov 29 12:52:27 IST 2023 (1701255147349)
2024-03-22 11:31:54,095 [FATAL] Updater:308 - Updater called before beeing initialized
2024-03-22 11:31:54,419 [WARN] DetailPanel:346 - Failed to get advertising image, set to default
2024-03-22 11:31:54,862 [FATAL] Updater:308 - Updater called before beeing initialized
2024-03-22 11:31:54,871 [FATAL] Updater:308 - Updater called before beeing initialized
2024-03-22 11:31:54,871 [FATAL] Updater:308 - Updater called before beeing initialized
2024-03-22 11:31:54,872 [WARN] DetailPanel:346 - Failed to get advertising image, set to default
2024-03-22 11:31:54,875 [FATAL] Updater:308 - Updater called before beeing initialized
2024-03-22 11:31:55,150 [ERROR] Updater:1120 - MainUpdater not yet initialized. External WinMGr cannot be set.
2024-03-22 11:31:55,200 [INFO] Updater:1056 - Updater Version found : 6.10.0
2024-03-22 11:31:55,273 [INFO] ApplicationProperties:184 - Using Application install path: C:\ST\STM32CubeIDE_1.14.1\STM32CubeIDE\plugins\com.st.stm32cube.common.mx_6.10.0.202311202037
2024-03-22 11:31:55,338 [INFO] ThirdPartyUpdaterWithRetryManager:70 - Updater plugin not ready yet. [6/15]
2024-03-22 11:31:56,915 [ERROR] LogOutputStream:75 - [STDERR_REDIRECT] Mar 22, 2024 11:31:56 AM java.util.prefs.WindowsPreferences <init>
2024-03-22 11:31:56,927 [ERROR] LogOutputStream:75 - [STDERR_REDIRECT] WARNING: Could not open/create prefs root node Software\JavaSoft\Prefs at root 0xffffffff80000002. Windows RegCreateKeyEx(...) returned error code 5.
2024-03-22 11:31:56,928 [ERROR] LogOutputStream:75 - [STDERR_REDIRECT] 
2024-03-22 11:31:58,340 [FATAL] Updater:308 - Updater called before beeing initialized
2024-03-22 11:31:58,342 [ERROR] IntegrityCheckThread:130 - Cannot retrieve database content from updater: error 21
2024-03-22 11:31:58,343 [INFO] ThirdParty:978 - Integrity check success = false
2024-03-22 11:31:58,344 [INFO] IntegrityCheckThread:100 - exiting critical section [integrity check]
2024-03-22 11:31:58,344 [INFO] IntegrityCheckThread:103 - End integrity checks thread
2024-03-22 11:31:58,565 [INFO] MainUpdater:2873 - connection check result : 10
2024-03-22 11:31:58,566 [INFO] MainUpdater:3567 - Updater definition file requires update
2024-03-22 11:31:58,571 [INFO] MainUpdater:290 - Updater Check For Update Now.
2024-03-22 11:31:58,571 [INFO] MicroXplorer:498 - Change Database Version : DB.6.0.100
2024-03-22 11:31:58,658 [INFO] McuFinderGlobals:63 - Set McuFinder mode to 2 (CubeIDE integrated)
2024-03-22 11:31:58,976 [INFO] ServerAccessManage:473 - Download File updaters.zip
2024-03-22 11:31:59,674 [INFO] FileExtend:240 - Unzip File : updaters.zip
2024-03-22 11:31:59,675 [INFO] FileExtend:255 - Standard Zip Deflate
2024-03-22 11:32:00,489 [INFO] UserAuth:404 - Internet connection configuration mode: 1
2024-03-22 11:32:00,898 [INFO] JxBrowserEngine:152 - Initiate JxBrowser Engine with user profile folder
2024-03-22 11:32:01,755 [INFO] ServerAccessManage:473 - Download File PacksControlFlags.xml
2024-03-22 11:32:02,602 [INFO] ServerAccessManage:473 - Download File cubemx.pidx
2024-03-22 11:32:08,305 [INFO] ServerAccessManage:473 - Download File STMicroelectronics.X-CUBE-NFC6.pdsc
2024-03-22 11:32:14,773 [WARN] PackLoader:240 - Cannot read IP mode file for STMicroelectronics.X-CUBE-NFC6.3.1.0
2024-03-22 11:32:14,832 [INFO] PopulateThirdPartyThread:66 - Ending populate Thread
2024-03-22 11:32:14,837 [INFO] ThirdParty:1030 - CMSIS Pack Vendor :STMicroelectronics X-CUBE-NFC6 3.1.0
2024-03-22 11:32:14,838 [INFO] LoadServerUpdatesThread:375 - End of LoadServerUpdate Thread
2024-03-22 11:32:17,277 [INFO] CheckServerUpdateThread:120 - End of CheckServer Thread
2024-03-22 11:32:20,015 [ERROR] LogOutputStream:75 - [STDERR_REDIRECT] 
